Start testing: Apr 27 19:00 MSK
----------------------------------------------------------
1/3 Testing: BitWriterTests
1/3 Test: BitWriterTests
Command: "/home/Applications/Data/programming/2025/VK_ML/TPSpring_2025_ML_/Module2/Task5/build/BitWriterTests"
Directory: /home/Applications/Data/programming/2025/VK_ML/TPSpring_2025_ML_/Module2/Task5/build
"BitWriterTests" start time: Apr 27 19:00 MSK
Output:
----------------------------------------------------------
Randomness seeded to: 1569378585
===============================================================================
All tests passed (11 assertions in 3 test cases)

<end of output>
Test time =   0.00 sec
----------------------------------------------------------
Test Passed.
"BitWriterTests" end time: Apr 27 19:00 MSK
"BitWriterTests" time elapsed: 00:00:00
----------------------------------------------------------

2/3 Testing: CharCountingTests
2/3 Test: CharCountingTests
Command: "/home/Applications/Data/programming/2025/VK_ML/TPSpring_2025_ML_/Module2/Task5/build/CharCountingTests"
Directory: /home/Applications/Data/programming/2025/VK_ML/TPSpring_2025_ML_/Module2/Task5/build
"CharCountingTests" start time: Apr 27 19:00 MSK
Output:
----------------------------------------------------------
Randomness seeded to: 562078778
===============================================================================
All tests passed (7 assertions in 1 test case)

<end of output>
Test time =   0.00 sec
----------------------------------------------------------
Test Passed.
"CharCountingTests" end time: Apr 27 19:00 MSK
"CharCountingTests" time elapsed: 00:00:00
----------------------------------------------------------

3/3 Testing: BinaryTreeTests
3/3 Test: BinaryTreeTests
Command: "/home/Applications/Data/programming/2025/VK_ML/TPSpring_2025_ML_/Module2/Task5/build/BinaryTreeTests"
Directory: /home/Applications/Data/programming/2025/VK_ML/TPSpring_2025_ML_/Module2/Task5/build
"BinaryTreeTests" start time: Apr 27 19:00 MSK
Output:
----------------------------------------------------------
Randomness seeded to: 1856078303
===============================================================================
All tests passed (19 assertions in 7 test cases)

<end of output>
Test time =   0.00 sec
----------------------------------------------------------
Test Passed.
"BinaryTreeTests" end time: Apr 27 19:00 MSK
"BinaryTreeTests" time elapsed: 00:00:00
----------------------------------------------------------

End testing: Apr 27 19:00 MSK
